<?xml version="1.0" encoding="UTF-8"?>
<!-- Generated by org.testng.reporters.JUnitReportReporter -->
<testsuite hostname="MWDH-Work2" failures="0" tests="1" name="ass4ApplyingPrecedingaxesmethod.ChromWebDriverFollowingMethod" time="0.282" errors="0" timestamp="2022-07-31T01:22:34 AST" skipped="0">
  <testcase classname="ass4ApplyingPrecedingaxesmethod.ChromWebDriverFollowingMethod" name="LearnEnglishWebSite" time="0.282"/>
  <system-out/>
</testsuite> <!-- ass4ApplyingPrecedingaxesmethod.ChromWebDriverFollowingMethod -->
